Using pre-set license
Built from '2021.3/staging' branch; Version is '2021.3.6f1 (7da38d85baf6) revision 8233869'; Using compiler version '192829333'; Build Type 'Release'
OS: 'Windows 10  (10.0.19045) 64bit Core' Language: 'ko' Physical Memory: 8080 MB
BatchMode: 1, IsHumanControllingUs: 0, StartBugReporterOnCrash: 0, Is64bit: 1, IsPro: 1

COMMAND LINE ARGUMENTS:
C:\DS\Unity\2021.3.6f1\Editor\Unity.exe
-adb2
-batchMode
-noUpm
-name
AssetImportWorker0
-projectPath
C:/DS/Unity/SilenceOrDeath
-logFile
Logs/AssetImportWorker0.log
-srvPort
8629
Successfully changed project path to: C:/DS/Unity/SilenceOrDeath
C:/DS/Unity/SilenceOrDeath
[UnityMemory] Configuration Parameters - Can be set up in boot.config
    "memorysetup-bucket-allocator-granularity=16"
    "memorysetup-bucket-allocator-bucket-count=8"
    "memorysetup-bucket-allocator-block-size=33554432"
    "memorysetup-bucket-allocator-block-count=8"
    "memorysetup-main-allocator-block-size=16777216"
    "memorysetup-thread-allocator-block-size=16777216"
    "memorysetup-gfx-main-allocator-block-size=16777216"
    "memorysetup-gfx-thread-allocator-block-size=16777216"
    "memorysetup-cache-allocator-block-size=4194304"
    "memorysetup-typetree-allocator-block-size=2097152"
    "memorysetup-profiler-bucket-allocator-granularity=16"
    "memorysetup-profiler-bucket-allocator-bucket-count=8"
    "memorysetup-profiler-bucket-allocator-block-size=33554432"
    "memorysetup-profiler-bucket-allocator-block-count=8"
    "memorysetup-profiler-allocator-block-size=16777216"
    "memorysetup-profiler-editor-allocator-block-size=1048576"
    "memorysetup-temp-allocator-size-main=16777216"
    "memorysetup-job-temp-allocator-block-size=2097152"
    "memorysetup-job-temp-allocator-block-size-background=1048576"
    "memorysetup-job-temp-allocator-reduction-small-platforms=262144"
    "memorysetup-temp-allocator-size-background-worker=32768"
    "memorysetup-temp-allocator-size-job-worker=262144"
    "memorysetup-temp-allocator-size-preload-manager=33554432"
    "memorysetup-temp-allocator-size-nav-mesh-worker=65536"
    "memorysetup-temp-allocator-size-audio-worker=65536"
    "memorysetup-temp-allocator-size-cloud-worker=32768"
    "memorysetup-temp-allocator-size-gi-baking-worker=262144"
    "memorysetup-temp-allocator-size-gfx=262144"
Refreshing native plugins compatible for Editor in 448.48 ms, found 3 plugins.
Preloading 0 native plugins for Editor in 0.00 ms.
Initialize engine version: 2021.3.6f1 (7da38d85baf6)
[Subsystems] Discovering subsystems at path C:/DS/Unity/2021.3.6f1/Editor/Data/Resources/UnitySubsystems
[Subsystems] Discovering subsystems at path C:/DS/Unity/SilenceOrDeath/Assets
GfxDevice: creating device client; threaded=0; jobified=0
Direct3D:
    Version:  Direct3D 11.0 [level 11.1]
    Renderer: NVIDIA GeForce MX150 (ID=0x1d10)
    Vendor:   NVIDIA
    VRAM:     1983 MB
    Driver:   26.21.14.4223
Initialize mono
Mono path[0] = 'C:/DS/Unity/2021.3.6f1/Editor/Data/Managed'
Mono path[1] = 'C:/DS/Unity/2021.3.6f1/Editor/Data/MonoBleedingEdge/lib/mono/unityjit-win32'
Mono config path = 'C:/DS/Unity/2021.3.6f1/Editor/Data/MonoBleedingEdge/etc'
Using monoOptions --debugger-agent=transport=dt_socket,embedding=1,server=y,suspend=n,address=127.0.0.1:56088
Begin MonoManager ReloadAssembly
Registering precompiled unity dll's ...
Register platform support module: C:/DS/Unity/2021.3.6f1/Editor/Data/PlaybackEngines/AndroidPlayer/UnityEditor.Android.Extensions.dll
Register platform support module: C:/DS/Unity/2021.3.6f1/Editor/Data/PlaybackEngines/WindowsStandaloneSupport/UnityEditor.WindowsStandalone.Extensions.dll
Registered in 0.047377 seconds.
Native extension for WindowsStandalone target not found
Native extension for Android target not found
Refreshing native plugins compatible for Editor in 255.28 ms, found 3 plugins.
Preloading 0 native plugins for Editor in 0.00 ms.
Mono: successfully reloaded assembly
- Completed reload, in  2.358 seconds
Domain Reload Profiling:
	ReloadAssembly (2359ms)
		BeginReloadAssembly (537ms)
			ExecutionOrderSort (0ms)
			DisableScriptedObjects (0ms)
			BackupInstance (0ms)
			ReleaseScriptingObjects (0ms)
			CreateAndSetChildDomain (3ms)
		EndReloadAssembly (1460ms)
			LoadAssemblies (528ms)
			RebuildTransferFunctionScriptingTraits (0ms)
			SetupTypeCache (327ms)
			ReleaseScriptCaches (0ms)
			RebuildScriptCaches (86ms)
			SetupLoadedEditorAssemblies (901ms)
				LogAssemblyErrors (0ms)
				InitializePlatformSupportModulesInManaged (178ms)
				SetLoadedEditorAssemblies (1ms)
				RefreshPlugins (255ms)
				BeforeProcessingInitializeOnLoad (15ms)
				ProcessInitializeOnLoadAttributes (246ms)
				ProcessInitializeOnLoadMethodAttributes (205ms)
				AfterProcessingInitializeOnLoad (0ms)
				EditorAssembliesLoaded (0ms)
			ExecutionOrderSort2 (0ms)
			AwakeInstancesAfterBackupRestoration (0ms)
Platform modules already initialized, skipping
Registering precompiled user dll's ...
Registered in 0.095539 seconds.
Unauthorized device detected, Id: R3CR20HGSRY, please add debug authorization and reconnect.
UnityEngine.StackTraceUtility:ExtractStackTrace ()
UnityEngine.DebugLogHandler:LogFormat (UnityEngine.LogType,UnityEngine.Object,string,object[])
UnityEngine.Logger:LogFormat (UnityEngine.LogType,string,object[])
UnityEngine.Debug:LogFormat (string,object[])
UnityEditor.Android.AndroidDeploymentTargetsExtension:GetKnownTargets (UnityEditor.DeploymentTargets.IDeploymentTargetsMainThreadContext,UnityEditor.ProgressHandler)
UnityEditor.Android.TargetScanWorker:DoScan (UnityEditor.DeploymentTargets.IDeploymentTargetsExtension,UnityEditor.DeploymentTargets.IDeploymentTargetsMainThreadContext,System.Threading.CancellationToken)
UnityEditor.Android.TargetScanWorker/<>c__DisplayClass8_0:<Scan>b__0 ()
System.Threading.Tasks.Task:InnerInvoke ()
System.Threading.Tasks.Task:Execute ()
System.Threading.Tasks.Task:ExecutionContextCallback (object)
System.Threading.ExecutionContext:RunInternal (System.Threading.ExecutionContext,System.Threading.ContextCallback,object,bool)
System.Threading.ExecutionContext:Run (System.Threading.ExecutionContext,System.Threading.ContextCallback,object,bool)
System.Threading.Tasks.Task:ExecuteWithThreadLocal (System.Threading.Tasks.Task&)
System.Threading.Tasks.Task:ExecuteEntry (bool)
System.Threading.Tasks.Task:System.Threading.IThreadPoolWorkItem.ExecuteWorkItem ()
System.Threading.ThreadPoolWorkQueue:Dispatch ()
System.Threading._ThreadPoolWaitCallback:PerformWaitCallback ()

Unauthorized device detected, Id: R3CR20HGSRY, please add debug authorization and reconnect.
UnityEngine.StackTraceUtility:ExtractStackTrace ()
UnityEngine.DebugLogHandler:LogFormat (UnityEngine.LogType,UnityEngine.Object,string,object[])
UnityEngine.Logger:LogFormat (UnityEngine.LogType,string,object[])
UnityEngine.Debug:LogFormat (string,object[])
UnityEditor.Android.AndroidDeploymentTargetsExtension:GetKnownTargets (UnityEditor.DeploymentTargets.IDeploymentTargetsMainThreadContext,UnityEditor.ProgressHandler)
UnityEditor.Android.TargetScanWorker:DoScan (UnityEditor.DeploymentTargets.IDeploymentTargetsExtension,UnityEditor.DeploymentTargets.IDeploymentTargetsMainThreadContext,System.Threading.CancellationToken)
UnityEditor.Android.TargetScanWorker/<>c__DisplayClass8_0:<Scan>b__0 ()
System.Threading.Tasks.Task:InnerInvoke ()
System.Threading.Tasks.Task:Execute ()
System.Threading.Tasks.Task:ExecutionContextCallback (object)
System.Threading.ExecutionContext:RunInternal (System.Threading.ExecutionContext,System.Threading.ContextCallback,object,bool)
System.Threading.ExecutionContext:Run (System.Threading.ExecutionContext,System.Threading.ContextCallback,object,bool)
System.Threading.Tasks.Task:ExecuteWithThreadLocal (System.Threading.Tasks.Task&)
System.Threading.Tasks.Task:ExecuteEntry (bool)
System.Threading.Tasks.Task:System.Threading.IThreadPoolWorkItem.ExecuteWorkItem ()
System.Threading.ThreadPoolWorkQueue:Dispatch ()
System.Threading._ThreadPoolWaitCallback:PerformWaitCallback ()

Unauthorized device detected, Id: R3CR20HGSRY, please add debug authorization and reconnect.
UnityEngine.StackTraceUtility:ExtractStackTrace ()
UnityEngine.DebugLogHandler:LogFormat (UnityEngine.LogType,UnityEngine.Object,string,object[])
UnityEngine.Logger:LogFormat (UnityEngine.LogType,string,object[])
UnityEngine.Debug:LogFormat (string,object[])
UnityEditor.Android.AndroidDeploymentTargetsExtension:GetKnownTargets (UnityEditor.DeploymentTargets.IDeploymentTargetsMainThreadContext,UnityEditor.ProgressHandler)
UnityEditor.Android.TargetScanWorker:DoScan (UnityEditor.DeploymentTargets.IDeploymentTargetsExtension,UnityEditor.DeploymentTargets.IDeploymentTargetsMainThreadContext,System.Threading.CancellationToken)
UnityEditor.Android.TargetScanWorker/<>c__DisplayClass8_0:<Scan>b__0 ()
System.Threading.Tasks.Task:InnerInvoke ()
System.Threading.Tasks.Task:Execute ()
System.Threading.Tasks.Task:ExecutionContextCallback (object)
System.Threading.ExecutionContext:RunInternal (System.Threading.ExecutionContext,System.Threading.ContextCallback,object,bool)
System.Threading.ExecutionContext:Run (System.Threading.ExecutionContext,System.Threading.ContextCallback,object,bool)
System.Threading.Tasks.Task:ExecuteWithThreadLocal (System.Threading.Tasks.Task&)
System.Threading.Tasks.Task:ExecuteEntry (bool)
System.Threading.Tasks.Task:System.Threading.IThreadPoolWorkItem.ExecuteWorkItem ()
System.Threading.ThreadPoolWorkQueue:Dispatch ()
System.Threading._ThreadPoolWaitCallback:PerformWaitCallback ()

Unauthorized device detected, Id: R3CR20HGSRY, please add debug authorization and reconnect.
UnityEngine.StackTraceUtility:ExtractStackTrace ()
UnityEngine.DebugLogHandler:LogFormat (UnityEngine.LogType,UnityEngine.Object,string,object[])
UnityEngine.Logger:LogFormat (UnityEngine.LogType,string,object[])
UnityEngine.Debug:LogFormat (string,object[])
UnityEditor.Android.AndroidDeploymentTargetsExtension:GetKnownTargets (UnityEditor.DeploymentTargets.IDeploymentTargetsMainThreadContext,UnityEditor.ProgressHandler)
UnityEditor.Android.TargetScanWorker:DoScan (UnityEditor.DeploymentTargets.IDeploymentTargetsExtension,UnityEditor.DeploymentTargets.IDeploymentTargetsMainThreadContext,System.Threading.CancellationToken)
UnityEditor.Android.TargetScanWorker/<>c__DisplayClass8_0:<Scan>b__0 ()
System.Threading.Tasks.Task:InnerInvoke ()
System.Threading.Tasks.Task:Execute ()
System.Threading.Tasks.Task:ExecutionContextCallback (object)
System.Threading.ExecutionContext:RunInternal (System.Threading.ExecutionContext,System.Threading.ContextCallback,object,bool)
System.Threading.ExecutionContext:Run (System.Threading.ExecutionContext,System.Threading.ContextCallback,object,bool)
System.Threading.Tasks.Task:ExecuteWithThreadLocal (System.Threading.Tasks.Task&)
System.Threading.Tasks.Task:ExecuteEntry (bool)
System.Threading.Tasks.Task:System.Threading.IThreadPoolWorkItem.ExecuteWorkItem ()
System.Threading.ThreadPoolWorkQueue:Dispatch ()
System.Threading._ThreadPoolWaitCallback:PerformWaitCallback ()

Unauthorized device detected, Id: R3CR20HGSRY, please add debug authorization and reconnect.
UnityEngine.StackTraceUtility:ExtractStackTrace ()
UnityEngine.DebugLogHandler:LogFormat (UnityEngine.LogType,UnityEngine.Object,string,object[])
UnityEngine.Logger:LogFormat (UnityEngine.LogType,string,object[])
UnityEngine.Debug:LogFormat (string,object[])
UnityEditor.Android.AndroidDeploymentTargetsExtension:GetKnownTargets (UnityEditor.DeploymentTargets.IDeploymentTargetsMainThreadContext,UnityEditor.ProgressHandler)
UnityEditor.Android.TargetScanWorker:DoScan (UnityEditor.DeploymentTargets.IDeploymentTargetsExtension,UnityEditor.DeploymentTargets.IDeploymentTargetsMainThreadContext,System.Threading.CancellationToken)
UnityEditor.Android.TargetScanWorker/<>c__DisplayClass8_0:<Scan>b__0 ()
System.Threading.Tasks.Task:InnerInvoke ()
System.Threading.Tasks.Task:Execute ()
System.Threading.Tasks.Task:ExecutionContextCallback (object)
System.Threading.ExecutionContext:RunInternal (System.Threading.ExecutionContext,System.Threading.ContextCallback,object,bool)
System.Threading.ExecutionContext:Run (System.Threading.ExecutionContext,System.Threading.ContextCallback,object,bool)
System.Threading.Tasks.Task:ExecuteWithThreadLocal (System.Threading.Tasks.Task&)
System.Threading.Tasks.Task:ExecuteEntry (bool)
System.Threading.Tasks.Task:System.Threading.IThreadPoolWorkItem.ExecuteWorkItem ()
System.Threading.ThreadPoolWorkQueue:Dispatch ()
System.Threading._ThreadPoolWaitCallback:PerformWaitCallback ()

Unauthorized device detected, Id: R3CR20HGSRY, please add debug authorization and reconnect.
UnityEngine.StackTraceUtility:ExtractStackTrace ()
UnityEngine.DebugLogHandler:LogFormat (UnityEngine.LogType,UnityEngine.Object,string,object[])
UnityEngine.Logger:LogFormat (UnityEngine.LogType,string,object[])
UnityEngine.Debug:LogFormat (string,object[])
UnityEditor.Android.AndroidDeploymentTargetsExtension:GetKnownTargets (UnityEditor.DeploymentTargets.IDeploymentTargetsMainThreadContext,UnityEditor.ProgressHandler)
UnityEditor.Android.TargetScanWorker:DoScan (UnityEditor.DeploymentTargets.IDeploymentTargetsExtension,UnityEditor.DeploymentTargets.IDeploymentTargetsMainThreadContext,System.Threading.CancellationToken)
UnityEditor.Android.TargetScanWorker/<>c__DisplayClass8_0:<Scan>b__0 ()
System.Threading.Tasks.Task:InnerInvoke ()
System.Threading.Tasks.Task:Execute ()
System.Threading.Tasks.Task:ExecutionContextCallback (object)
System.Threading.ExecutionContext:RunInternal (System.Threading.ExecutionContext,System.Threading.ContextCallback,object,bool)
System.Threading.ExecutionContext:Run (System.Threading.ExecutionContext,System.Threading.ContextCallback,object,bool)
System.Threading.Tasks.Task:ExecuteWithThreadLocal (System.Threading.Tasks.Task&)
System.Threading.Tasks.Task:ExecuteEntry (bool)
System.Threading.Tasks.Task:System.Threading.IThreadPoolWorkItem.ExecuteWorkItem ()
System.Threading.ThreadPoolWorkQueue:Dispatch ()
System.Threading._ThreadPoolWaitCallback:PerformWaitCallback ()

Unauthorized device detected, Id: R3CR20HGSRY, please add debug authorization and reconnect.
UnityEngine.StackTraceUtility:ExtractStackTrace ()
UnityEngine.DebugLogHandler:LogFormat (UnityEngine.LogType,UnityEngine.Object,string,object[])
UnityEngine.Logger:LogFormat (UnityEngine.LogType,string,object[])
UnityEngine.Debug:LogFormat (string,object[])
UnityEditor.Android.AndroidDeploymentTargetsExtension:GetKnownTargets (UnityEditor.DeploymentTargets.IDeploymentTargetsMainThreadContext,UnityEditor.ProgressHandler)
UnityEditor.Android.TargetScanWorker:DoScan (UnityEditor.DeploymentTargets.IDeploymentTargetsExtension,UnityEditor.DeploymentTargets.IDeploymentTargetsMainThreadContext,System.Threading.CancellationToken)
UnityEditor.Android.TargetScanWorker/<>c__DisplayClass8_0:<Scan>b__0 ()
System.Threading.Tasks.Task:InnerInvoke ()
System.Threading.Tasks.Task:Execute ()
System.Threading.Tasks.Task:ExecutionContextCallback (object)
System.Threading.ExecutionContext:RunInternal (System.Threading.ExecutionContext,System.Threading.ContextCallback,object,bool)
System.Threading.ExecutionContext:Run (System.Threading.ExecutionContext,System.Threading.ContextCallback,object,bool)
System.Threading.Tasks.Task:ExecuteWithThreadLocal (System.Threading.Tasks.Task&)
System.Threading.Tasks.Task:ExecuteEntry (bool)
System.Threading.Tasks.Task:System.Threading.IThreadPoolWorkItem.ExecuteWorkItem ()
System.Threading.ThreadPoolWorkQueue:Dispatch ()
System.Threading._ThreadPoolWaitCallback:PerformWaitCallback ()

Android Extension - Scanning For ADB Devices 9213 ms
Begin MonoManager ReloadAssembly
Symbol file LoadedFromMemory doesn't match image C:\DS\Unity\SilenceOrDeath\Library\PackageCache\com.unity.visualscripting@1.7.8\Editor\VisualScripting.Core\Dependencies\YamlDotNet\Unity.VisualScripting.YamlDotNet.dll
Symbol file LoadedFromMemory doesn't match image C:\DS\Unity\SilenceOrDeath\Library\PackageCache\com.unity.visualscripting@1.7.8\Editor\VisualScripting.Core\Dependencies\DotNetZip\Unity.VisualScripting.IonicZip.dll
Native extension for WindowsStandalone target not found
Native extension for Android target not found
Refreshing native plugins compatible for Editor in 250.84 ms, found 3 plugins.
Preloading 0 native plugins for Editor in 0.00 ms.
Mono: successfully reloaded assembly
- Completed reload, in  5.441 seconds
Domain Reload Profiling:
	ReloadAssembly (5443ms)
		BeginReloadAssembly (392ms)
			ExecutionOrderSort (0ms)
			DisableScriptedObjects (9ms)
			BackupInstance (0ms)
			ReleaseScriptingObjects (0ms)
			CreateAndSetChildDomain (39ms)
		EndReloadAssembly (4628ms)
			LoadAssemblies (869ms)
			RebuildTransferFunctionScriptingTraits (0ms)
			SetupTypeCache (1757ms)
			ReleaseScriptCaches (1ms)
			RebuildScriptCaches (150ms)
			SetupLoadedEditorAssemblies (1742ms)
				LogAssemblyErrors (0ms)
				InitializePlatformSupportModulesInManaged (47ms)
				SetLoadedEditorAssemblies (0ms)
				RefreshPlugins (251ms)
				BeforeProcessingInitializeOnLoad (396ms)
				ProcessInitializeOnLoadAttributes (718ms)
				ProcessInitializeOnLoadMethodAttributes (288ms)
				AfterProcessingInitializeOnLoad (40ms)
				EditorAssembliesLoaded (1ms)
			ExecutionOrderSort2 (0ms)
			AwakeInstancesAfterBackupRestoration (49ms)
Platform modules already initialized, skipping
========================================================================
Worker process is ready to serve import requests
Launched and connected shader compiler UnityShaderCompiler.exe after 0.15 seconds
Refreshing native plugins compatible for Editor in 1.68 ms, found 3 plugins.
Preloading 0 native plugins for Editor in 0.00 ms.
Unloading 5019 Unused Serialized files (Serialized files now loaded: 0)
Unloading 44 unused Assets / (1.1 MB). Loaded Objects now: 5462.
Memory consumption went from 200.1 MB to 199.1 MB.
Total: 10.092300 ms (FindLiveObjects: 0.690600 ms CreateObjectMapping: 0.691400 ms MarkObjects: 7.805700 ms  DeleteObjects: 0.902900 ms)

AssetImportParameters requested are different than current active one (requested -> active):
  custom:video-decoder-ogg-theora: a1e56fd34408186e4bbccfd4996cb3dc -> 
  custom:container-muxer-webm: aa71ff27fc2769a1b78a27578f13a17b -> 
  custom:container-demuxer-webm: 4f35f7cbe854078d1ac9338744f61a02 -> 
  custom:video-encoder-webm-vp8: eb34c28f22e8b96e1ab97ce403110664 -> 
  custom:video-codec-MediaFoundation-h265: 746d11721c4dcdbdad8f713fa42b33f4 -> 
  custom:audio-encoder-webm-vorbis: bf7c407c2cedff20999df2af8eb42d56 -> 
  custom:framework-win-MediaFoundation: 216162199b28c13a410421893ffa2e32 -> 
  custom:container-demuxer-ogg: 62fdf1f143b41e24485cea50d1cbac27 -> 
  custom:video-decoder-webm-vp8: 9c59270c3fd7afecdb556c50c9e8de78 -> 
  custom:audio-decoder-ogg-vorbis: bf7c407c2cedff20999df2af8eb42d56 -> 
========================================================================
Received Import Request.
  Time since last request: 743578.013205 seconds.
  path: Assets/UniversalRenderPipelineGlobalSettings.asset
  artifactKey: Guid(18dc0cd2c080841dea60987a38ce93fa) Importer(815301076,1909f56bfc062723c751e8b465ee728b)
Start importing Assets/UniversalRenderPipelineGlobalSettings.asset using Guid(18dc0cd2c080841dea60987a38ce93fa) Importer(815301076,1909f56bfc062723c751e8b465ee728b)  -> (artifact id: '2eecc253734895facb66926253515a97') in 0.152312 seconds 
========================================================================
Received Prepare
Registering precompiled user dll's ...
Registered in 0.131789 seconds.
Begin MonoManager ReloadAssembly
Symbol file LoadedFromMemory doesn't match image C:\DS\Unity\SilenceOrDeath\Library\PackageCache\com.unity.visualscripting@1.7.8\Editor\VisualScripting.Core\Dependencies\YamlDotNet\Unity.VisualScripting.YamlDotNet.dll
Symbol file LoadedFromMemory doesn't match image C:\DS\Unity\SilenceOrDeath\Library\PackageCache\com.unity.visualscripting@1.7.8\Editor\VisualScripting.Core\Dependencies\DotNetZip\Unity.VisualScripting.IonicZip.dll
Native extension for WindowsStandalone target not found
Native extension for Android target not found
Refreshing native plugins compatible for Editor in 4.39 ms, found 7 plugins.
Preloading 1 native plugins for Editor in 2.85 ms.
Package Manager log level set to [2]
CreateSerializedAsset is not supported while importing out-of-process
UnityEngine.StackTraceUtility:ExtractStackTrace ()
OVRRuntimeSettings:GetRuntimeSettings () (at Assets/Oculus/VR/Scripts/OVRRuntimeSettings.cs:147)
OVRRuntimeSettings:get_Instance () (at Assets/Oculus/VR/Scripts/OVRRuntimeSettings.cs:40)
OVRTelemetry:get_IsActive () (at Assets/Oculus/VR/Scripts/OVRTelemetry/OVRTelemetry.cs:32)
OVRTelemetry:get_Client () (at Assets/Oculus/VR/Scripts/OVRTelemetry/OVRTelemetry.cs:38)
OVRTelemetryMarker:.ctor (int,int,long) (at Assets/Oculus/VR/Scripts/OVRTelemetry/OVRTelemetryMarker.cs:53)
OVRTelemetry:Start (int,int,long) (at Assets/Oculus/VR/Scripts/OVRTelemetry/OVRTelemetry.cs:149)
OVRTelemetry:SendEvent (int,OVRPlugin/Qpl/ResultType) (at Assets/Oculus/VR/Scripts/OVRTelemetry/OVRTelemetry.cs:155)
OVREditorStart:.cctor () (at Assets/Oculus/VR/Editor/OVRTelemetry/OVREditorStart.cs:33)
System.Runtime.CompilerServices.RuntimeHelpers:RunClassConstructor (System.RuntimeTypeHandle)
UnityEditor.EditorAssemblies:ProcessInitializeOnLoadAttributes (System.Type[])

[Assets/Oculus/VR/Scripts/OVRRuntimeSettings.cs line 147]

UnityEngine.UnityException: Creating asset at path Assets/Resources/OculusRuntimeSettings.asset failed.
  at (wrapper managed-to-native) UnityEditor.AssetDatabase.CreateAsset(UnityEngine.Object,string)
  at OVRRuntimeSettings.GetRuntimeSettings () [0x00065] in C:\DS\Unity\SilenceOrDeath\Assets\Oculus\VR\Scripts\OVRRuntimeSettings.cs:147 
  at OVRRuntimeSettings.get_Instance () [0x00011] in C:\DS\Unity\SilenceOrDeath\Assets\Oculus\VR\Scripts\OVRRuntimeSettings.cs:40 
  at OVRTelemetry.get_IsActive () [0x00001] in C:\DS\Unity\SilenceOrDeath\Assets\Oculus\VR\Scripts\OVRTelemetry\OVRTelemetry.cs:32 
  at OVRTelemetry.get_Client () [0x00000] in C:\DS\Unity\SilenceOrDeath\Assets\Oculus\VR\Scripts\OVRTelemetry\OVRTelemetry.cs:38 
  at OVRTelemetryMarker..ctor (System.Int32 markerId, System.Int32 instanceKey, System.Int64 timestampMs) [0x00000] in C:\DS\Unity\SilenceOrDeath\Assets\Oculus\VR\Scripts\OVRTelemetry\OVRTelemetryMarker.cs:53 
  at OVRTelemetry.Start (System.Int32 markerId, System.Int32 instanceKey, System.Int64 timestampMs) [0x00001] in C:\DS\Unity\SilenceOrDeath\Assets\Oculus\VR\Scripts\OVRTelemetry\OVRTelemetry.cs:149 
  at OVRTelemetry.SendEvent (System.Int32 markerId, OVRPlugin+Qpl+ResultType result) [0x00001] in C:\DS\Unity\SilenceOrDeath\Assets\Oculus\VR\Scripts\OVRTelemetry\OVRTelemetry.cs:155 
  at OVREditorStart..cctor () [0x0001f] in C:\DS\Unity\SilenceOrDeath\Assets\Oculus\VR\Editor\OVRTelemetry\OVREditorStart.cs:33 
UnityEngine.StackTraceUtility:ExtractStackTrace ()
UnityEngine.DebugLogHandler:LogFormat (UnityEngine.LogType,UnityEngine.Object,string,object[])
UnityEngine.Logger:Log (UnityEngine.LogType,object)
UnityEngine.Debug:LogError (object)
UnityEditor.EditorAssemblies:ProcessInitializeOnLoadAttributes (System.Type[])

Mono: successfully reloaded assembly
- Completed reload, in  7.084 seconds
Domain Reload Profiling:
	ReloadAssembly (7087ms)
		BeginReloadAssembly (713ms)
			ExecutionOrderSort (0ms)
			DisableScriptedObjects (45ms)
			BackupInstance (0ms)
			ReleaseScriptingObjects (0ms)
			CreateAndSetChildDomain (273ms)
		EndReloadAssembly (6087ms)
			LoadAssemblies (4361ms)
			RebuildTransferFunctionScriptingTraits (0ms)
			SetupTypeCache (549ms)
			ReleaseScriptCaches (3ms)
			RebuildScriptCaches (84ms)
			SetupLoadedEditorAssemblies (1099ms)
				LogAssemblyErrors (0ms)
				InitializePlatformSupportModulesInManaged (44ms)
				SetLoadedEditorAssemblies (2ms)
				RefreshPlugins (8ms)
				BeforeProcessingInitializeOnLoad (242ms)
				ProcessInitializeOnLoadAttributes (645ms)
				ProcessInitializeOnLoadMethodAttributes (127ms)
				AfterProcessingInitializeOnLoad (30ms)
				EditorAssembliesLoaded (0ms)
			ExecutionOrderSort2 (0ms)
			AwakeInstancesAfterBackupRestoration (52ms)
Platform modules already initialized, skipping
Shader 'Hidden/FXAA Preset 2': fallback shader 'Hidden/FXAA II' not found
Shader 'Hidden/FXAA Preset 3': fallback shader 'Hidden/FXAA II' not found
Shader 'Toon/Lit Outline': fallback shader 'Toon/Lit' not found
WARNING: Shader Unsupported: 'Toon/Lit Outline' - All subshaders removed
WARNING: Shader Did you use #pragma only_renderers and omit this platform?
WARNING: Shader If subshaders removal was intentional, you may have forgotten turning Fallback off?
WARNING: Shader Unsupported: 'Toon/Lit Outline' - All subshaders removed
WARNING: Shader Did you use #pragma only_renderers and omit this platform?
WARNING: Shader If subshaders removal was intentional, you may have forgotten turning Fallback off?
Shader 'TextMeshPro/Distance Field Overlay': fallback shader 'TextMeshPro/Mobile/Distance Field' not found
Shader 'TextMeshPro/Distance Field SSD': fallback shader 'TextMeshPro/Mobile/Distance Field' not found
Shader 'TextMeshPro/Distance Field': fallback shader 'TextMeshPro/Mobile/Distance Field' not found
Shader 'Oculus/OVRMRCameraFrameLit': fallback shader 'Alpha-Diffuse' not found
Shader 'Oculus/OVRMRCameraFrameLit': fallback shader 'Alpha-Diffuse' not found
Refreshing native plugins compatible for Editor in 49.95 ms, found 7 plugins.
Preloading 1 native plugins for Editor in 0.53 ms.
Unloading 6730 Unused Serialized files (Serialized files now loaded: 0)
Unloading 235 unused Assets / (14.9 MB). Loaded Objects now: 7094.
Memory consumption went from 280.3 MB to 265.5 MB.
Total: 24.579000 ms (FindLiveObjects: 1.158000 ms CreateObjectMapping: 1.233000 ms MarkObjects: 11.358700 ms  DeleteObjects: 10.826900 ms)

AssetImportParameters requested are different than current active one (requested -> active):
  custom:video-decoder-ogg-theora: a1e56fd34408186e4bbccfd4996cb3dc -> 
  custom:container-muxer-webm: aa71ff27fc2769a1b78a27578f13a17b -> 
  custom:container-demuxer-webm: 4f35f7cbe854078d1ac9338744f61a02 -> 
  custom:video-encoder-webm-vp8: eb34c28f22e8b96e1ab97ce403110664 -> 
  custom:video-codec-MediaFoundation-h265: 746d11721c4dcdbdad8f713fa42b33f4 -> 
  custom:audio-encoder-webm-vorbis: bf7c407c2cedff20999df2af8eb42d56 -> 
  custom:framework-win-MediaFoundation: 216162199b28c13a410421893ffa2e32 -> 
  custom:container-demuxer-ogg: 62fdf1f143b41e24485cea50d1cbac27 -> 
  custom:video-decoder-webm-vp8: 9c59270c3fd7afecdb556c50c9e8de78 -> 
  custom:audio-decoder-ogg-vorbis: bf7c407c2cedff20999df2af8eb42d56 -> 
========================================================================
Received Import Request.
  Time since last request: 10453.184256 seconds.
  path: Assets/_GhoulZombie
  artifactKey: Guid(df89b66208b1b6a4982e6bc0582c9ab8) Importer(815301076,1909f56bfc062723c751e8b465ee728b)
Start importing Assets/_GhoulZombie using Guid(df89b66208b1b6a4982e6bc0582c9ab8) Importer(815301076,1909f56bfc062723c751e8b465ee728b)  -> (artifact id: 'f57895d1a287c00d252b9810b97ae997') in 1.013067 seconds 
========================================================================
Received Import Request.
  Time since last request: 0.000856 seconds.
  path: Assets/_GhoulZombie/Ghoul@Animations.prefab
  artifactKey: Guid(058fb2e90ee98aa41920a2b4810ecc2c) Importer(815301076,1909f56bfc062723c751e8b465ee728b)
Start importing Assets/_GhoulZombie/Ghoul@Animations.prefab using Guid(058fb2e90ee98aa41920a2b4810ecc2c) Importer(815301076,1909f56bfc062723c751e8b465ee728b)  -> (artifact id: 'b63b5eb51ed0f26719775c621c5997dd') in 28.313968 seconds 
========================================================================
Received Import Request.
  Time since last request: 0.000284 seconds.
  path: Assets/_GhoulZombie/Ghoul_Volume4_metalness.png
  artifactKey: Guid(f7bd4adfab4d5844c8366c32947d5c97) Importer(815301076,1909f56bfc062723c751e8b465ee728b)
Start importing Assets/_GhoulZombie/Ghoul_Volume4_metalness.png using Guid(f7bd4adfab4d5844c8366c32947d5c97) Importer(815301076,1909f56bfc062723c751e8b465ee728b)  -> (artifact id: 'e4c90d13be665e17fe29fac4b629f21b') in 0.947475 seconds 
========================================================================
Received Import Request.
  Time since last request: 0.000108 seconds.
  path: Assets/_GhoulZombie/PPS_Ghoul.asset
  artifactKey: Guid(01ea3b62903a0b4449c9b786c0ca6b8d) Importer(815301076,1909f56bfc062723c751e8b465ee728b)
Start importing Assets/_GhoulZombie/PPS_Ghoul.asset using Guid(01ea3b62903a0b4449c9b786c0ca6b8d) Importer(815301076,1909f56bfc062723c751e8b465ee728b)  -> (artifact id: '3183d533911b929d6c5e4f444804bd49') in 0.216488 seconds 
========================================================================
Received Import Request.
  Time since last request: 0.000191 seconds.
  path: Assets/_GhoulZombie/Ghoul_Volume4_nmap.png
  artifactKey: Guid(a2d6e635b41117a4a95cf5f6b465717a) Importer(815301076,1909f56bfc062723c751e8b465ee728b)
Start importing Assets/_GhoulZombie/Ghoul_Volume4_nmap.png using Guid(a2d6e635b41117a4a95cf5f6b465717a) Importer(815301076,1909f56bfc062723c751e8b465ee728b)  -> (artifact id: '00a7f6ba7921450be2e2d99872c1a8fe') in 0.190396 seconds 
========================================================================
Received Import Request.
  Time since last request: 0.000081 seconds.
  path: Assets/_GhoulZombie/Ghoul_Volume4_gloss.png
  artifactKey: Guid(047a953b8df09e64b97dd542316e9c9c) Importer(815301076,1909f56bfc062723c751e8b465ee728b)
Start importing Assets/_GhoulZombie/Ghoul_Volume4_gloss.png using Guid(047a953b8df09e64b97dd542316e9c9c) Importer(815301076,1909f56bfc062723c751e8b465ee728b)  -> (artifact id: 'd08482c66a92bf18ae28b19eb6ccc72d') in 0.137403 seconds 
========================================================================
Received Import Request.
  Time since last request: 0.000091 seconds.
  path: Assets/_GhoulZombie/Ghoul_Volume4_emissive.png
  artifactKey: Guid(d5f1f1cb4a703a044a11cf51d65faa5a) Importer(815301076,1909f56bfc062723c751e8b465ee728b)
Start importing Assets/_GhoulZombie/Ghoul_Volume4_emissive.png using Guid(d5f1f1cb4a703a044a11cf51d65faa5a) Importer(815301076,1909f56bfc062723c751e8b465ee728b)  -> (artifact id: 'b02c95ea2c2f6123eab48be7508d0f5d') in 0.121976 seconds 
========================================================================
Received Import Request.
  Time since last request: 0.000058 seconds.
  path: Assets/_GhoulZombie/Floor.mat
  artifactKey: Guid(0d0901b97e99da84797b3b9b6f9ef2ea) Importer(815301076,1909f56bfc062723c751e8b465ee728b)
Start importing Assets/_GhoulZombie/Floor.mat using Guid(0d0901b97e99da84797b3b9b6f9ef2ea) Importer(815301076,1909f56bfc062723c751e8b465ee728b)  -> (artifact id: '0f7a6a8d92b337d81f570917a670f7de') in 0.216999 seconds 
========================================================================
Received Import Request.
  Time since last request: 0.000086 seconds.
  path: Assets/_GhoulZombie/GhoulMaterial.mat
  artifactKey: Guid(7e013ff2514571042a1ac03d3b6f9eef) Importer(815301076,1909f56bfc062723c751e8b465ee728b)
Start importing Assets/_GhoulZombie/GhoulMaterial.mat using Guid(7e013ff2514571042a1ac03d3b6f9eef) Importer(815301076,1909f56bfc062723c751e8b465ee728b)  -> (artifact id: '94b40dfe64cd64186fa5f6095f97b60a') in 0.214196 seconds 
========================================================================
Received Import Request.
  Time since last request: 0.000098 seconds.
  path: Assets/Scenes/yusun.unity
  artifactKey: Guid(24ba67bf9190f574ebaebeab63747dcc) Importer(815301076,1909f56bfc062723c751e8b465ee728b)
Start importing Assets/Scenes/yusun.unity using Guid(24ba67bf9190f574ebaebeab63747dcc) Importer(815301076,1909f56bfc062723c751e8b465ee728b)  -> (artifact id: 'aed7bba805568ccf6b7fb47e3b9c5222') in 0.038060 seconds 
========================================================================
Received Import Request.
  Time since last request: 0.000077 seconds.
  path: Assets/_GhoulZombie/Ghoul_Volume4_color.png
  artifactKey: Guid(7307144979bf7df459af1937d7a73ace) Importer(815301076,1909f56bfc062723c751e8b465ee728b)
Start importing Assets/_GhoulZombie/Ghoul_Volume4_color.png using Guid(7307144979bf7df459af1937d7a73ace) Importer(815301076,1909f56bfc062723c751e8b465ee728b)  -> (artifact id: '2e36df354b19e9701c4ff2906a648c6d') in 0.105645 seconds 
========================================================================
Received Import Request.
  Time since last request: 0.000085 seconds.
  path: Assets/_GhoulZombie/Ghoul.prefab
  artifactKey: Guid(227ee07e9e5b7914ba8fbb8f430be9a5) Importer(815301076,1909f56bfc062723c751e8b465ee728b)
Start importing Assets/_GhoulZombie/Ghoul.prefab using Guid(227ee07e9e5b7914ba8fbb8f430be9a5) Importer(815301076,1909f56bfc062723c751e8b465ee728b)  -> (artifact id: 'f524bb6998a457f0e00b871fa2a48701') in 0.154322 seconds 
========================================================================
Received Import Request.
  Time since last request: 0.000088 seconds.
  path: Assets/Scenes/HandLight.prefab
  artifactKey: Guid(d178d5b080906a5409528051e8724ac7) Importer(815301076,1909f56bfc062723c751e8b465ee728b)
Start importing Assets/Scenes/HandLight.prefab using Guid(d178d5b080906a5409528051e8724ac7) Importer(815301076,1909f56bfc062723c751e8b465ee728b)  -> (artifact id: '41a0194d79800a1bccb39bb010807604') in 7.979664 seconds 
